Starting Dynare (version 4.5.7).
Starting preprocessing of the model file ...
Found 9 equation(s).
Evaluating expressions...done
Computing static model derivatives:
 - order 1
Computing dynamic model derivatives:
 - order 1
Processing outputs ...
done
Preprocessing completed.

STEADY-STATE RESULTS:

pi        		 0
x         		 0
i         		 1
r_nat_ann 		 4
pi_ann    		 0
xi_2      		 0
i_ann     		 4
i_act     		 1
r_nat     		 1
Perfect foresight solution found.

Total computing time : 0h00m01s
